РОГА И КОПЫТА;г Благовещенск, ул Амурская, д 71;2801068082;280101001
РОГА И КОПЫТА;Калужская обл, г Боровск, ул Циолковского, д 15, оф 1;4025452616;402501001
РОГА И КОПЫТА;г Курск, ул Карла Маркса, д 59А, оф 42;4632174560;463201001
РОГА И КОПЫТА;115114, ГОРОД МОСКВА, НАБЕРЕЖНАЯ ДЕРБЕНЕВСКАЯ, ДОМ 7, СТРОЕНИЕ 5, ЭТ 5 ОФ 512;7725396754;772501001
РОГА И КОПЫТА;142117, ОБЛАСТЬ МОСКОВСКАЯ, ГОРОД ПОДОЛЬСК, УЛИЦА ПАРКОВАЯ, ДОМ 48, ЗДАНИЕ ГЛ. КОРПУСА, ОФИС 1;5036066205;503601001
РОГА И КОПЫТА;123022, ГОРОД МОСКВА, УЛИЦА КРАСНАЯ ПРЕСНЯ, ДОМ 28, ЭТ 1 ПОМ I КОМ 1;7703399102;770301001
РОГА И КОПЫТА;г Саратов, ул им Рахова В.Г., д 58/60, кв 85;6454104192;645401001
РОГА И КОПЫТА МАРКЕТ;105037, ГОРОД МОСКВА, УЛИЦА ФОРТУНАТОВСКАЯ, ДОМ 12, ЭТ 0 ПОМ 1 КОМ 2;7719467090;771901001
РОГА И КОПЫТА;г Санкт-Петербург, г Пушкин, ул Оранжерейная, д 16А, пом 2Н;7820068954;782001001
СЕЛЬСКОХОЗЯЙСТВЕННЫЙ ПОТРЕБИТЕЛЬСКИЙ РАСТЕНИЕВОДЧЕСКО-ЖИВОТНОВОДЧЕСКИЙ ПЕРЕРАБАТЫВАЮЩИЙ КООПЕРАТИВ РОГА И КОПЫТА;Ульяновская обл, Старокулаткинский р-н, село Старое Зеленое, ул Школьная, д 57;7313013434;731301001
ЦЕНТР НЕЗАВИСИМОЙ ОЦЕНКИ УРАЛЕВРОАЗИЯ;Свердловская обл, г Первоуральск, ул Сосновая, д 5;6625049770;662501001
УРАЛЬСКАЯ ПАЛАТА ОЦЕНКИ И НЕДВИЖИМОСТИ;г Екатеринбург, ул Вильгельма де Геннина, д 45, кв 425;6671044550;667101001
УРАЛЬСКАЯ ПАЛАТА ОЦЕНКИ;620137, ОБЛАСТЬ СВЕРДЛОВСКАЯ, ГОРОД ЕКАТЕРИНБУРГ, УЛИЦА ВИЛОНОВА, 46, -, 11;6670003424;667001001
АУДЭКС;г Казань, ул Подлужная, д 60;1660080759;165501001
АУДИТОРСКО-КОНСАЛТИНГОВАЯ КОМПАНИЯ АУДЭКС;г Казань, ул Подлужная, д 60;1655301258;165501001
АУДИТОРСКО-КОНСАЛТИНГОВАЯ ФИРМА АУДЭКС;г Казань, ул Подлужная, д 60;1655301240;165501001
АУДЭКС ГРУПП;г Владивосток, Океанский пр-кт, д 13, оф 502;2540167167;254001001
АУДЭКС ГРУПП;г Екатеринбург, ул Совхозная, д 19, оф 2;6686078954;668601001
СПЕЦИАЛИЗИРОВАННОЕ ОБЛАСТНОЕ ГОСУДАРСТВЕННОЕ УНИТАРНОЕ ПРЕДПРИЯТИЕ ОБЛАСТНОЙ ГОСУДАРСТВЕННЫЙ ЦЕНТР ТЕХНИЧЕСКОЙ ИНВЕНТАРИЗАЦИИ И РЕГИСТРАЦИИ НЕДВИЖИМОСТИ СВЕРДЛОВСКОЙ ОБЛАСТИ;г Екатеринбург, ул 8 Марта, д 13;6661077229;667101001
АГЕНТСТВО НЕЗАВИСИМОЙ ОЦЕНКИ ИНТЕГРАЛ-ПАРТНЕР;Свердловская обл, г Каменск-Уральский, ул Суворова, д 27, оф 117;6612037713;661201001
УРАЛЬСКИЙ ЦЕНТР ОЦЕНКИ БИЗНЕСА И КОНСАЛТИНГА;г Пермь, ул Газеты Звезда, д 5, оф 203;5905222168;590201001
УРАЛЬСКИЙ ЦЕНТР ОЦЕНКИ И ФИНАНСОВОГО КОНСАЛТИНГА;г Екатеринбург, ул Радищева, д 33, оф 67;6671273857;667101001
УРАЛЬСКИЙ ЦЕНТР ФИНАНСОВОГО КОНСАЛТИНГА И ОЦЕНКИ;г Челябинск, Свердловский пр-кт, д 84Б, оф 417;7453234137;745301001
УРАЛЬСКИЙ ЦЕНТР ОЦЕНКИ И ЮРИДИЧЕСКОГО КОНСАЛТИНГА;Свердловская обл, г Первоуральск, ул Строителей, д 3А, оф 30;6625034558;662501001
УРАЛЬСКИЙ ЦЕНТР ОЦЕНКИ И КОНСАЛТИНГА;г Екатеринбург, ул Щорса, д 132, оф 83;6671336514;667101001
РОССТЭП;Свердловская обл, г Новоуральск, ул Первомайская, д 36, оф 1;6629027110;668201001
ЦЕНТРАЛЬНОЕ БЮРО СУДЕБНОЙ ЭКСПЕРТИЗЫ И ОЦЕНКИ;г Ростов-на-Дону, пр-кт Шолохова, д 48/83, оф 40А;6167131668;616701001
ЦЕНТРАЛЬНОЕ БЮРО ОЦЕНКИ И ЭКСПЕРТИЗЫ;Кемеровская обл, г Новокузнецк, р-н Центральный, ул Орджоникидзе, д 11, кв 103;4217146274;421701001
ЦЕНТРАЛЬНОЕ БЮРО ЭКСПЕРТИЗЫ И ОЦЕНКИ;121351, ГОРОД МОСКВА, УЛИЦА МОЛОДОГВАРДЕЙСКАЯ, ДОМ 33, КОРПУС 1, ПОМЕЩЕНИЕ I;6672157973;773101001
ГУП ОРЕНБУРГСКОЙ ОБЛАСТИ ОБЛАСТНОЙ ЦЕНТР ИНВЕНТАРИЗАЦИИ И ОЦЕНКИ НЕДВИЖИМОСТИ;г Оренбург, Майский проезд, д 11;5610003957;561001001
ПЕРВИЧНАЯ ПРОФСОЮЗНАЯ ОРГАНИЗАЦИЯ ГУП ОРЕНБУРГСКОЙ ОБЛАСТИ ОБЛАСТНОЙ ЦЕНТР ИНВЕНТАРИЗАЦИИ И ОЦЕНКИ НЕДВИЖИМОСТИ ОРЕНБУРГСКОГО РЕГИОНАЛЬНОГО ОТДЕЛЕНИЯ ОБЩЕРОССИЙСКОГО ПРОФСОЮЗА РАБОЧИХ МЕСТНОЙ ПРОМЫШЛЕННОСТИ И КОММУНАЛЬНО-БЫТОВЫХ ПРЕДПРИЯТИЙ - (ПРОФСОЮЗ ЖИЗНЕОБЕСПЕЧЕНИЯ);г Оренбург, ул Краснознаменная, д 45;5610065488;561001001
ОЦЕНКА НЕДВИЖИМОСТИ, АВТОТРАНСПОРТА И БИЗНЕСА;Московская обл, г Одинцово, ул Маршала Жукова, д 34А, кв 10;5032309930;503201001
ОЦЕНКА НЕДВИЖИМОСТИ И БИЗНЕСА;г Екатеринбург, ул Академика Бардина, д 45, кв 117;6658168941;667101001
ОЦЕНКА НЕДВИЖИМОСТИ И БИЗНЕСА УРАЛА;г Екатеринбург, ул Надеждинская, д 20, кв 28;6678093807;667801001
ОЦЕНКА НЕДВИЖИМОСТИ И БИЗНЕСА;г Мурманск, ул Софьи Перовской, д 17, оф 204;5190131664;519001001
ГРАНД РЕАЛ;Красноярский край, Енисейский р-н, пгт Подтесово, ул Первомайская, д 13;2447009656;244701001
ГРАНД РЕАЛ;г Москва, Подкопаевский пер, д 4 стр 3;7709524127;770901001
ГРАНД-РЕАЛ;г Москва, пер Сухаревский М., д 9 стр 1;7702376039;770201001
ГРАНД РЕАЛ;142704, Город Москва, Поселение Мосрентген, Деревня Мамыри, Территория Военный городок Теплый стан, ТОРГОВО-ЯРМАРОЧНЫЙ КОМПЛЕКС 41 КМ МКАД, ПАВИЛЬОН №19;5003066601;775101001
ГРАНД РЕАЛ;г Екатеринбург, ул Академика Губкина, д 78;6674184235;667901001
РЕАЛ-ГРАНД;г Иркутск, ул Грязнова, д 1, оф 312;3808137315;380801001
РЕАЛ-ГРАНД;г Москва, ул Нагорная, д 29 к 4 стр 1;7728624857;772701001
РЕАЛ ГРАНД;125319, ГОРОД МОСКВА, ПРОЕЗД КОПТЕВСКИЙ Б., ДОМ 12, КОРПУС 2, ПОМ/КОМН 3/1;7714331025;771401001
ГРАНД РЕАЛ;Иркутская обл, Слюдянский р-н, г Байкальск, мкр Гагарина, д 39, кв 31;3810072626;381001001
ГРАНД-РЕАЛ;Респ Крым, г Керчь, ул Ващенко, д 7, оф 1;9111022246;911101001
ЦЕНТР НЕЗАВИСИМОЙ ОЦЕНКИ УРАЛЕВРОАЗИЯ;Свердловская обл, г Первоуральск, ул Сосновая, д 5;6625049770;662501001
УРАЛЬСКАЯ ПАЛАТА ОЦЕНКИ И НЕДВИЖИМОСТИ;г Екатеринбург, ул Вильгельма де Геннина, д 45, кв 425;6671044550;667101001
УРАЛЬСКАЯ ПАЛАТА ОЦЕНКИ;620137, ОБЛАСТЬ СВЕРДЛОВСКАЯ, ГОРОД ЕКАТЕРИНБУРГ, УЛИЦА ВИЛОНОВА, 46, -, 11;6670003424;667001001
АУДЭКС;г Казань, ул Подлужная, д 60;1660080759;165501001
АУДИТОРСКО-КОНСАЛТИНГОВАЯ КОМПАНИЯ АУДЭКС;г Казань, ул Подлужная, д 60;1655301258;165501001
АУДИТОРСКО-КОНСАЛТИНГОВАЯ ФИРМА АУДЭКС;г Казань, ул Подлужная, д 60;1655301240;165501001
АУДЭКС ГРУПП;г Владивосток, Океанский пр-кт, д 13, оф 502;2540167167;254001001
АУДЭКС ГРУПП;г Екатеринбург, ул Совхозная, д 19, оф 2;6686078954;668601001
СПЕЦИАЛИЗИРОВАННОЕ ОБЛАСТНОЕ ГОСУДАРСТВЕННОЕ УНИТАРНОЕ ПРЕДПРИЯТИЕ ОБЛАСТНОЙ ГОСУДАРСТВЕННЫЙ ЦЕНТР ТЕХНИЧЕСКОЙ ИНВЕНТАРИЗАЦИИ И РЕГИСТРАЦИИ НЕДВИЖИМОСТИ СВЕРДЛОВСКОЙ ОБЛАСТИ;г Екатеринбург, ул 8 Марта, д 13;6661077229;667101001
АГЕНТСТВО НЕЗАВИСИМОЙ ОЦЕНКИ ИНТЕГРАЛ-ПАРТНЕР;Свердловская обл, г Каменск-Уральский, ул Суворова, д 27, оф 117;6612037713;661201001
УРАЛЬСКИЙ ЦЕНТР ОЦЕНКИ БИЗНЕСА И КОНСАЛТИНГА;г Пермь, ул Газеты Звезда, д 5, оф 203;5905222168;590201001
УРАЛЬСКИЙ ЦЕНТР ОЦЕНКИ И ФИНАНСОВОГО КОНСАЛТИНГА;г Екатеринбург, ул Радищева, д 33, оф 67;6671273857;667101001
УРАЛЬСКИЙ ЦЕНТР ФИНАНСОВОГО КОНСАЛТИНГА И ОЦЕНКИ;г Челябинск, Свердловский пр-кт, д 84Б, оф 417;7453234137;745301001
УРАЛЬСКИЙ ЦЕНТР ОЦЕНКИ И ЮРИДИЧЕСКОГО КОНСАЛТИНГА;Свердловская обл, г Первоуральск, ул Строителей, д 3А, оф 30;6625034558;662501001
УРАЛЬСКИЙ ЦЕНТР ОЦЕНКИ И КОНСАЛТИНГА;г Екатеринбург, ул Щорса, д 132, оф 83;6671336514;667101001
РОССТЭП;Свердловская обл, г Новоуральск, ул Первомайская, д 36, оф 1;6629027110;668201001
ЦЕНТРАЛЬНОЕ БЮРО СУДЕБНОЙ ЭКСПЕРТИЗЫ И ОЦЕНКИ;г Ростов-на-Дону, пр-кт Шолохова, д 48/83, оф 40А;6167131668;616701001
ЦЕНТРАЛЬНОЕ БЮРО ОЦЕНКИ И ЭКСПЕРТИЗЫ;Кемеровская обл, г Новокузнецк, р-н Центральный, ул Орджоникидзе, д 11, кв 103;4217146274;421701001
ЦЕНТРАЛЬНОЕ БЮРО ЭКСПЕРТИЗЫ И ОЦЕНКИ;121351, ГОРОД МОСКВА, УЛИЦА МОЛОДОГВАРДЕЙСКАЯ, ДОМ 33, КОРПУС 1, ПОМЕЩЕНИЕ I;6672157973;773101001
ГУП ОРЕНБУРГСКОЙ ОБЛАСТИ ОБЛАСТНОЙ ЦЕНТР ИНВЕНТАРИЗАЦИИ И ОЦЕНКИ НЕДВИЖИМОСТИ;г Оренбург, Майский проезд, д 11;5610003957;561001001
ПЕРВИЧНАЯ ПРОФСОЮЗНАЯ ОРГАНИЗАЦИЯ ГУП ОРЕНБУРГСКОЙ ОБЛАСТИ ОБЛАСТНОЙ ЦЕНТР ИНВЕНТАРИЗАЦИИ И ОЦЕНКИ НЕДВИЖИМОСТИ ОРЕНБУРГСКОГО РЕГИОНАЛЬНОГО ОТДЕЛЕНИЯ ОБЩЕРОССИЙСКОГО ПРОФСОЮЗА РАБОЧИХ МЕСТНОЙ ПРОМЫШЛЕННОСТИ И КОММУНАЛЬНО-БЫТОВЫХ ПРЕДПРИЯТИЙ - (ПРОФСОЮЗ ЖИЗНЕОБЕСПЕЧЕНИЯ);г Оренбург, ул Краснознаменная, д 45;5610065488;561001001
ОЦЕНКА НЕДВИЖИМОСТИ, АВТОТРАНСПОРТА И БИЗНЕСА;Московская обл, г Одинцово, ул Маршала Жукова, д 34А, кв 10;5032309930;503201001
ОЦЕНКА НЕДВИЖИМОСТИ И БИЗНЕСА;г Екатеринбург, ул Академика Бардина, д 45, кв 117;6658168941;667101001
ОЦЕНКА НЕДВИЖИМОСТИ И БИЗНЕСА УРАЛА;г Екатеринбург, ул Надеждинская, д 20, кв 28;6678093807;667801001
ОЦЕНКА НЕДВИЖИМОСТИ И БИЗНЕСА;г Мурманск, ул Софьи Перовской, д 17, оф 204;5190131664;519001001
ГРАНД РЕАЛ;Красноярский край, Енисейский р-н, пгт Подтесово, ул Первомайская, д 13;2447009656;244701001
ГРАНД РЕАЛ;г Москва, Подкопаевский пер, д 4 стр 3;7709524127;770901001
ГРАНД-РЕАЛ;г Москва, пер Сухаревский М., д 9 стр 1;7702376039;770201001
ГРАНД РЕАЛ;142704, Город Москва, Поселение Мосрентген, Деревня Мамыри, Территория Военный городок Теплый стан, ТОРГОВО-ЯРМАРОЧНЫЙ КОМПЛЕКС 41 КМ МКАД, ПАВИЛЬОН №19;5003066601;775101001
ГРАНД РЕАЛ;г Екатеринбург, ул Академика Губкина, д 78;6674184235;667901001
РЕАЛ-ГРАНД;г Иркутск, ул Грязнова, д 1, оф 312;3808137315;380801001
РЕАЛ-ГРАНД;г Москва, ул Нагорная, д 29 к 4 стр 1;7728624857;772701001
РЕАЛ ГРАНД;125319, ГОРОД МОСКВА, ПРОЕЗД КОПТЕВСКИЙ Б., ДОМ 12, КОРПУС 2, ПОМ/КОМН 3/1;7714331025;771401001
ГРАНД РЕАЛ;Иркутская обл, Слюдянский р-н, г Байкальск, мкр Гагарина, д 39, кв 31;3810072626;381001001
ГРАНД-РЕАЛ;Респ Крым, г Керчь, ул Ващенко, д 7, оф 1;9111022246;911101001
Наименование;адрес;инн;кпп;оквэдЦЕНТР НЕЗАВИСИМОЙ ОЦЕНКИ УРАЛЕВРОАЗИЯ;Свердловская обл, г Первоуральск, ул Сосновая, д 5;6625049770;662501001;68.31
Наименование;адрес;инн;кпп;оквэдУРАЛЬСКАЯ ПАЛАТА ОЦЕНКИ И НЕДВИЖИМОСТИ;г Екатеринбург, ул Вильгельма де Геннина, д 45, кв 425;6671044550;667101001;82.99
УРАЛЬСКАЯ ПАЛАТА ОЦЕНКИ;620137, ОБЛАСТЬ СВЕРДЛОВСКАЯ, ГОРОД ЕКАТЕРИНБУРГ, УЛИЦА ВИЛОНОВА, 46, -, 11;6670003424;667001001;68.31.5
Наименование;адрес;инн;кпп;оквэдАУДЭКС;г Казань, ул Подлужная, д 60;1660080759;165501001;69.10
АУДИТОРСКО-КОНСАЛТИНГОВАЯ КОМПАНИЯ АУДЭКС;г Казань, ул Подлужная, д 60;1655301258;165501001;69.20
АУДИТОРСКО-КОНСАЛТИНГОВАЯ ФИРМА АУДЭКС;г Казань, ул Подлужная, д 60;1655301240;165501001;69.20
АУДЭКС ГРУПП;г Владивосток, Океанский пр-кт, д 13, оф 502;2540167167;254001001;71.1
АУДЭКС ГРУПП;г Екатеринбург, ул Совхозная, д 19, оф 2;6686078954;668601001;52.29
Наименование;адрес;инн;кпп;оквэдСПЕЦИАЛИЗИРОВАННОЕ ОБЛАСТНОЕ ГОСУДАРСТВЕННОЕ УНИТАРНОЕ ПРЕДПРИЯТИЕ ОБЛАСТНОЙ ГОСУДАРСТВЕННЫЙ ЦЕНТР ТЕХНИЧЕСКОЙ ИНВЕНТАРИЗАЦИИ И РЕГИСТРАЦИИ НЕДВИЖИМОСТИ СВЕРДЛОВСКОЙ ОБЛАСТИ;г Екатеринбург, ул 8 Марта, д 13;6661077229;667101001;71.12.7
Наименование;адрес;инн;кпп;оквэдАГЕНТСТВО НЕЗАВИСИМОЙ ОЦЕНКИ ИНТЕГРАЛ-ПАРТНЕР;Свердловская обл, г Каменск-Уральский, ул Суворова, д 27, оф 117;6612037713;661201001;70.22
Наименование;адрес;инн;кпп;оквэдУРАЛЬСКИЙ ЦЕНТР ОЦЕНКИ БИЗНЕСА И КОНСАЛТИНГА;г Пермь, ул Газеты Звезда, д 5, оф 203;5905222168;590201001;70.22
УРАЛЬСКИЙ ЦЕНТР ОЦЕНКИ И ФИНАНСОВОГО КОНСАЛТИНГА;г Екатеринбург, ул Радищева, д 33, оф 67;6671273857;667101001;68.31.5
УРАЛЬСКИЙ ЦЕНТР ФИНАНСОВОГО КОНСАЛТИНГА И ОЦЕНКИ;г Челябинск, Свердловский пр-кт, д 84Б, оф 417;7453234137;745301001;68.3
УРАЛЬСКИЙ ЦЕНТР ОЦЕНКИ И ЮРИДИЧЕСКОГО КОНСАЛТИНГА;Свердловская обл, г Первоуральск, ул Строителей, д 3А, оф 30;6625034558;662501001;68.31.5
УРАЛЬСКИЙ ЦЕНТР ОЦЕНКИ И КОНСАЛТИНГА;г Екатеринбург, ул Щорса, д 132, оф 83;6671336514;667101001;70.3
Наименование;адрес;инн;кпп;оквэдРОССТЭП;Свердловская обл, г Новоуральск, ул Первомайская, д 36, оф 1;6629027110;668201001;47.73
Наименование;адрес;инн;кпп;оквэдНаименование;адрес;инн;кпп;оквэдЦЕНТРАЛЬНОЕ БЮРО СУДЕБНОЙ ЭКСПЕРТИЗЫ И ОЦЕНКИ;г Ростов-на-Дону, пр-кт Шолохова, д 48/83, оф 40А;6167131668;616701001;68.31.5
ЦЕНТРАЛЬНОЕ БЮРО ОЦЕНКИ И ЭКСПЕРТИЗЫ;Кемеровская обл, г Новокузнецк, р-н Центральный, ул Орджоникидзе, д 11, кв 103;4217146274;421701001;45.20
ЦЕНТРАЛЬНОЕ БЮРО ЭКСПЕРТИЗЫ И ОЦЕНКИ;121351, ГОРОД МОСКВА, УЛИЦА МОЛОДОГВАРДЕЙСКАЯ, ДОМ 33, КОРПУС 1, ПОМЕЩЕНИЕ I;6672157973;773101001;82.99
Наименование;адрес;инн;кпп;оквэдГУП ОРЕНБУРГСКОЙ ОБЛАСТИ ОБЛАСТНОЙ ЦЕНТР ИНВЕНТАРИЗАЦИИ И ОЦЕНКИ НЕДВИЖИМОСТИ;г Оренбург, Майский проезд, д 11;5610003957;561001001;68.32
ПЕРВИЧНАЯ ПРОФСОЮЗНАЯ ОРГАНИЗАЦИЯ ГУП ОРЕНБУРГСКОЙ ОБЛАСТИ ОБЛАСТНОЙ ЦЕНТР ИНВЕНТАРИЗАЦИИ И ОЦЕНКИ НЕДВИЖИМОСТИ ОРЕНБУРГСКОГО РЕГИОНАЛЬНОГО ОТДЕЛЕНИЯ ОБЩЕРОССИЙСКОГО ПРОФСОЮЗА РАБОЧИХ МЕСТНОЙ ПРОМЫШЛЕННОСТИ И КОММУНАЛЬНО-БЫТОВЫХ ПРЕДПРИЯТИЙ - (ПРОФСОЮЗ ЖИЗНЕОБЕСПЕЧЕНИЯ);г Оренбург, ул Краснознаменная, д 45;5610065488;561001001;94.20
Наименование;адрес;инн;кпп;оквэдОЦЕНКА НЕДВИЖИМОСТИ, АВТОТРАНСПОРТА И БИЗНЕСА;Московская обл, г Одинцово, ул Маршала Жукова, д 34А, кв 10;5032309930;503201001;68.31.51
ОЦЕНКА НЕДВИЖИМОСТИ И БИЗНЕСА;г Екатеринбург, ул Академика Бардина, д 45, кв 117;6658168941;667101001;68.31.52
ОЦЕНКА НЕДВИЖИМОСТИ И БИЗНЕСА УРАЛА;г Екатеринбург, ул Надеждинская, д 20, кв 28;6678093807;667801001;68.31.51
ОЦЕНКА НЕДВИЖИМОСТИ И БИЗНЕСА;г Мурманск, ул Софьи Перовской, д 17, оф 204;5190131664;519001001;82.99
Наименование;адрес;инн;кпп;оквэдНаименование;адрес;инн;кпп;оквэдГРАНД РЕАЛ;Красноярский край, Енисейский р-н, пгт Подтесово, ул Первомайская, д 13;2447009656;244701001;41.20
ГРАНД РЕАЛ;г Москва, Подкопаевский пер, д 4 стр 3;7709524127;770901001;68.31.5
ГРАНД-РЕАЛ;г Москва, пер Сухаревский М., д 9 стр 1;7702376039;770201001;47.99
ГРАНД РЕАЛ;142704, Город Москва, Поселение Мосрентген, Деревня Мамыри, Территория Военный городок Теплый стан, ТОРГОВО-ЯРМАРОЧНЫЙ КОМПЛЕКС 41 КМ МКАД, ПАВИЛЬОН №19;5003066601;775101001;68.1
ГРАНД РЕАЛ;г Екатеринбург, ул Академика Губкина, д 78;6674184235;667901001;68.20.2
РЕАЛ-ГРАНД;г Иркутск, ул Грязнова, д 1, оф 312;3808137315;380801001;68.31
РЕАЛ-ГРАНД;г Москва, ул Нагорная, д 29 к 4 стр 1;7728624857;772701001;56.10
РЕАЛ ГРАНД;125319, ГОРОД МОСКВА, ПРОЕЗД КОПТЕВСКИЙ Б., ДОМ 12, КОРПУС 2, ПОМ/КОМН 3/1;7714331025;771401001;46.90
ГРАНД РЕАЛ;Иркутская обл, Слюдянский р-н, г Байкальск, мкр Гагарина, д 39, кв 31;3810072626;381001001;56.10
ГРАНД-РЕАЛ;Респ Крым, г Керчь, ул Ващенко, д 7, оф 1;9111022246;911101001;49.31.21
Наименование;адрес;инн;кпп;оквэдНаименование;адрес;инн;кпп;оквэдЦЕНТР НЕЗАВИСИМОЙ ОЦЕНКИ УРАЛЕВРОАЗИЯ;Свердловская обл, г Первоуральск, ул Сосновая, д 5;6625049770;662501001;68.31
Наименование;адрес;инн;кпп;оквэдУРАЛЬСКАЯ ПАЛАТА ОЦЕНКИ И НЕДВИЖИМОСТИ;г Екатеринбург, ул Вильгельма де Геннина, д 45, кв 425;6671044550;667101001;82.99
УРАЛЬСКАЯ ПАЛАТА ОЦЕНКИ;620137, ОБЛАСТЬ СВЕРДЛОВСКАЯ, ГОРОД ЕКАТЕРИНБУРГ, УЛИЦА ВИЛОНОВА, 46, -, 11;6670003424;667001001;68.31.5
Наименование;адрес;инн;кпп;оквэдАУДЭКС;г Казань, ул Подлужная, д 60;1660080759;165501001;69.10
АУДИТОРСКО-КОНСАЛТИНГОВАЯ КОМПАНИЯ АУДЭКС;г Казань, ул Подлужная, д 60;1655301258;165501001;69.20
АУДИТОРСКО-КОНСАЛТИНГОВАЯ ФИРМА АУДЭКС;г Казань, ул Подлужная, д 60;1655301240;165501001;69.20
АУДЭКС ГРУПП;г Владивосток, Океанский пр-кт, д 13, оф 502;2540167167;254001001;71.1
АУДЭКС ГРУПП;г Екатеринбург, ул Совхозная, д 19, оф 2;6686078954;668601001;52.29
Наименование;адрес;инн;кпп;оквэдСПЕЦИАЛИЗИРОВАННОЕ ОБЛАСТНОЕ ГОСУДАРСТВЕННОЕ УНИТАРНОЕ ПРЕДПРИЯТИЕ ОБЛАСТНОЙ ГОСУДАРСТВЕННЫЙ ЦЕНТР ТЕХНИЧЕСКОЙ ИНВЕНТАРИЗАЦИИ И РЕГИСТРАЦИИ НЕДВИЖИМОСТИ СВЕРДЛОВСКОЙ ОБЛАСТИ;г Екатеринбург, ул 8 Марта, д 13;6661077229;667101001;71.12.7
Наименование;адрес;инн;кпп;оквэдАГЕНТСТВО НЕЗАВИСИМОЙ ОЦЕНКИ ИНТЕГРАЛ-ПАРТНЕР;Свердловская обл, г Каменск-Уральский, ул Суворова, д 27, оф 117;6612037713;661201001;70.22
Наименование;адрес;инн;кпп;оквэдУРАЛЬСКИЙ ЦЕНТР ОЦЕНКИ БИЗНЕСА И КОНСАЛТИНГА;г Пермь, ул Газеты Звезда, д 5, оф 203;5905222168;590201001;70.22
УРАЛЬСКИЙ ЦЕНТР ОЦЕНКИ И ФИНАНСОВОГО КОНСАЛТИНГА;г Екатеринбург, ул Радищева, д 33, оф 67;6671273857;667101001;68.31.5
УРАЛЬСКИЙ ЦЕНТР ФИНАНСОВОГО КОНСАЛТИНГА И ОЦЕНКИ;г Челябинск, Свердловский пр-кт, д 84Б, оф 417;7453234137;745301001;68.3
УРАЛЬСКИЙ ЦЕНТР ОЦЕНКИ И ЮРИДИЧЕСКОГО КОНСАЛТИНГА;Свердловская обл, г Первоуральск, ул Строителей, д 3А, оф 30;6625034558;662501001;68.31.5
УРАЛЬСКИЙ ЦЕНТР ОЦЕНКИ И КОНСАЛТИНГА;г Екатеринбург, ул Щорса, д 132, оф 83;6671336514;667101001;70.3
Наименование;адрес;инн;кпп;оквэдРОССТЭП;Свердловская обл, г Новоуральск, ул Первомайская, д 36, оф 1;6629027110;668201001;47.73
Наименование;адрес;инн;кпп;оквэдНаименование;адрес;инн;кпп;оквэдЦЕНТРАЛЬНОЕ БЮРО СУДЕБНОЙ ЭКСПЕРТИЗЫ И ОЦЕНКИ;г Ростов-на-Дону, пр-кт Шолохова, д 48/83, оф 40А;6167131668;616701001;68.31.5
ЦЕНТРАЛЬНОЕ БЮРО ОЦЕНКИ И ЭКСПЕРТИЗЫ;Кемеровская обл, г Новокузнецк, р-н Центральный, ул Орджоникидзе, д 11, кв 103;4217146274;421701001;45.20
ЦЕНТРАЛЬНОЕ БЮРО ЭКСПЕРТИЗЫ И ОЦЕНКИ;121351, ГОРОД МОСКВА, УЛИЦА МОЛОДОГВАРДЕЙСКАЯ, ДОМ 33, КОРПУС 1, ПОМЕЩЕНИЕ I;6672157973;773101001;82.99
Наименование;адрес;инн;кпп;оквэдГУП ОРЕНБУРГСКОЙ ОБЛАСТИ ОБЛАСТНОЙ ЦЕНТР ИНВЕНТАРИЗАЦИИ И ОЦЕНКИ НЕДВИЖИМОСТИ;г Оренбург, Майский проезд, д 11;5610003957;561001001;68.32
ПЕРВИЧНАЯ ПРОФСОЮЗНАЯ ОРГАНИЗАЦИЯ ГУП ОРЕНБУРГСКОЙ ОБЛАСТИ ОБЛАСТНОЙ ЦЕНТР ИНВЕНТАРИЗАЦИИ И ОЦЕНКИ НЕДВИЖИМОСТИ ОРЕНБУРГСКОГО РЕГИОНАЛЬНОГО ОТДЕЛЕНИЯ ОБЩЕРОССИЙСКОГО ПРОФСОЮЗА РАБОЧИХ МЕСТНОЙ ПРОМЫШЛЕННОСТИ И КОММУНАЛЬНО-БЫТОВЫХ ПРЕДПРИЯТИЙ - (ПРОФСОЮЗ ЖИЗНЕОБЕСПЕЧЕНИЯ);г Оренбург, ул Краснознаменная, д 45;5610065488;561001001;94.20
Наименование;адрес;инн;кпп;оквэдОЦЕНКА НЕДВИЖИМОСТИ, АВТОТРАНСПОРТА И БИЗНЕСА;Московская обл, г Одинцово, ул Маршала Жукова, д 34А, кв 10;5032309930;503201001;68.31.51
ОЦЕНКА НЕДВИЖИМОСТИ И БИЗНЕСА;г Екатеринбург, ул Академика Бардина, д 45, кв 117;6658168941;667101001;68.31.52
ОЦЕНКА НЕДВИЖИМОСТИ И БИЗНЕСА УРАЛА;г Екатеринбург, ул Надеждинская, д 20, кв 28;6678093807;667801001;68.31.51
ОЦЕНКА НЕДВИЖИМОСТИ И БИЗНЕСА;г Мурманск, ул Софьи Перовской, д 17, оф 204;5190131664;519001001;82.99
Наименование;адрес;инн;кпп;оквэдНаименование;адрес;инн;кпп;оквэдГРАНД РЕАЛ;Красноярский край, Енисейский р-н, пгт Подтесово, ул Первомайская, д 13;2447009656;244701001;41.20
ГРАНД РЕАЛ;г Москва, Подкопаевский пер, д 4 стр 3;7709524127;770901001;68.31.5
ГРАНД-РЕАЛ;г Москва, пер Сухаревский М., д 9 стр 1;7702376039;770201001;47.99
ГРАНД РЕАЛ;142704, Город Москва, Поселение Мосрентген, Деревня Мамыри, Территория Военный городок Теплый стан, ТОРГОВО-ЯРМАРОЧНЫЙ КОМПЛЕКС 41 КМ МКАД, ПАВИЛЬОН №19;5003066601;775101001;68.1
ГРАНД РЕАЛ;г Екатеринбург, ул Академика Губкина, д 78;6674184235;667901001;68.20.2
РЕАЛ-ГРАНД;г Иркутск, ул Грязнова, д 1, оф 312;3808137315;380801001;68.31
РЕАЛ-ГРАНД;г Москва, ул Нагорная, д 29 к 4 стр 1;7728624857;772701001;56.10
РЕАЛ ГРАНД;125319, ГОРОД МОСКВА, ПРОЕЗД КОПТЕВСКИЙ Б., ДОМ 12, КОРПУС 2, ПОМ/КОМН 3/1;7714331025;771401001;46.90
ГРАНД РЕАЛ;Иркутская обл, Слюдянский р-н, г Байкальск, мкр Гагарина, д 39, кв 31;3810072626;381001001;56.10
ГРАНД-РЕАЛ;Респ Крым, г Керчь, ул Ващенко, д 7, оф 1;9111022246;911101001;49.31.21
Наименование;адрес;инн;кпп;оквэдНаименование;адрес;инн;кпп;оквэдЦЕНТР НЕЗАВИСИМОЙ ОЦЕНКИ УРАЛЕВРОАЗИЯ;Свердловская обл, г Первоуральск, ул Сосновая, д 5;6625049770;662501001;68.31
УРАЛЬСКАЯ ПАЛАТА ОЦЕНКИ И НЕДВИЖИМОСТИ;г Екатеринбург, ул Вильгельма де Геннина, д 45, кв 425;6671044550;667101001;82.99
УРАЛЬСКАЯ ПАЛАТА ОЦЕНКИ;620137, ОБЛАСТЬ СВЕРДЛОВСКАЯ, ГОРОД ЕКАТЕРИНБУРГ, УЛИЦА ВИЛОНОВА, 46, -, 11;6670003424;667001001;68.31.5
АУДЭКС;г Казань, ул Подлужная, д 60;1660080759;165501001;69.10
АУДИТОРСКО-КОНСАЛТИНГОВАЯ КОМПАНИЯ АУДЭКС;г Казань, ул Подлужная, д 60;1655301258;165501001;69.20
АУДИТОРСКО-КОНСАЛТИНГОВАЯ ФИРМА АУДЭКС;г Казань, ул Подлужная, д 60;1655301240;165501001;69.20
АУДЭКС ГРУПП;г Владивосток, Океанский пр-кт, д 13, оф 502;2540167167;254001001;71.1
АУДЭКС ГРУПП;г Екатеринбург, ул Совхозная, д 19, оф 2;6686078954;668601001;52.29
СПЕЦИАЛИЗИРОВАННОЕ ОБЛАСТНОЕ ГОСУДАРСТВЕННОЕ УНИТАРНОЕ ПРЕДПРИЯТИЕ ОБЛАСТНОЙ ГОСУДАРСТВЕННЫЙ ЦЕНТР ТЕХНИЧЕСКОЙ ИНВЕНТАРИЗАЦИИ И РЕГИСТРАЦИИ НЕДВИЖИМОСТИ СВЕРДЛОВСКОЙ ОБЛАСТИ;г Екатеринбург, ул 8 Марта, д 13;6661077229;667101001;71.12.7
АГЕНТСТВО НЕЗАВИСИМОЙ ОЦЕНКИ ИНТЕГРАЛ-ПАРТНЕР;Свердловская обл, г Каменск-Уральский, ул Суворова, д 27, оф 117;6612037713;661201001;70.22
УРАЛЬСКИЙ ЦЕНТР ОЦЕНКИ БИЗНЕСА И КОНСАЛТИНГА;г Пермь, ул Газеты Звезда, д 5, оф 203;5905222168;590201001;70.22
УРАЛЬСКИЙ ЦЕНТР ОЦЕНКИ И ФИНАНСОВОГО КОНСАЛТИНГА;г Екатеринбург, ул Радищева, д 33, оф 67;6671273857;667101001;68.31.5
УРАЛЬСКИЙ ЦЕНТР ФИНАНСОВОГО КОНСАЛТИНГА И ОЦЕНКИ;г Челябинск, Свердловский пр-кт, д 84Б, оф 417;7453234137;745301001;68.3
УРАЛЬСКИЙ ЦЕНТР ОЦЕНКИ И ЮРИДИЧЕСКОГО КОНСАЛТИНГА;Свердловская обл, г Первоуральск, ул Строителей, д 3А, оф 30;6625034558;662501001;68.31.5
УРАЛЬСКИЙ ЦЕНТР ОЦЕНКИ И КОНСАЛТИНГА;г Екатеринбург, ул Щорса, д 132, оф 83;6671336514;667101001;70.3
РОССТЭП;Свердловская обл, г Новоуральск, ул Первомайская, д 36, оф 1;6629027110;668201001;47.73
ЦЕНТРАЛЬНОЕ БЮРО СУДЕБНОЙ ЭКСПЕРТИЗЫ И ОЦЕНКИ;г Ростов-на-Дону, пр-кт Шолохова, д 48/83, оф 40А;6167131668;616701001;68.31.5
ЦЕНТРАЛЬНОЕ БЮРО ОЦЕНКИ И ЭКСПЕРТИЗЫ;Кемеровская обл, г Новокузнецк, р-н Центральный, ул Орджоникидзе, д 11, кв 103;4217146274;421701001;45.20
ЦЕНТРАЛЬНОЕ БЮРО ЭКСПЕРТИЗЫ И ОЦЕНКИ;121351, ГОРОД МОСКВА, УЛИЦА МОЛОДОГВАРДЕЙСКАЯ, ДОМ 33, КОРПУС 1, ПОМЕЩЕНИЕ I;6672157973;773101001;82.99
ГУП ОРЕНБУРГСКОЙ ОБЛАСТИ ОБЛАСТНОЙ ЦЕНТР ИНВЕНТАРИЗАЦИИ И ОЦЕНКИ НЕДВИЖИМОСТИ;г Оренбург, Майский проезд, д 11;5610003957;561001001;68.32
ПЕРВИЧНАЯ ПРОФСОЮЗНАЯ ОРГАНИЗАЦИЯ ГУП ОРЕНБУРГСКОЙ ОБЛАСТИ ОБЛАСТНОЙ ЦЕНТР ИНВЕНТАРИЗАЦИИ И ОЦЕНКИ НЕДВИЖИМОСТИ ОРЕНБУРГСКОГО РЕГИОНАЛЬНОГО ОТДЕЛЕНИЯ ОБЩЕРОССИЙСКОГО ПРОФСОЮЗА РАБОЧИХ МЕСТНОЙ ПРОМЫШЛЕННОСТИ И КОММУНАЛЬНО-БЫТОВЫХ ПРЕДПРИЯТИЙ - (ПРОФСОЮЗ ЖИЗНЕОБЕСПЕЧЕНИЯ);г Оренбург, ул Краснознаменная, д 45;5610065488;561001001;94.20
ОЦЕНКА НЕДВИЖИМОСТИ, АВТОТРАНСПОРТА И БИЗНЕСА;Московская обл, г Одинцово, ул Маршала Жукова, д 34А, кв 10;5032309930;503201001;68.31.51
ОЦЕНКА НЕДВИЖИМОСТИ И БИЗНЕСА;г Екатеринбург, ул Академика Бардина, д 45, кв 117;6658168941;667101001;68.31.52
ОЦЕНКА НЕДВИЖИМОСТИ И БИЗНЕСА УРАЛА;г Екатеринбург, ул Надеждинская, д 20, кв 28;6678093807;667801001;68.31.51
ОЦЕНКА НЕДВИЖИМОСТИ И БИЗНЕСА;г Мурманск, ул Софьи Перовской, д 17, оф 204;5190131664;519001001;82.99
ГРАНД РЕАЛ;Красноярский край, Енисейский р-н, пгт Подтесово, ул Первомайская, д 13;2447009656;244701001;41.20
ГРАНД РЕАЛ;г Москва, Подкопаевский пер, д 4 стр 3;7709524127;770901001;68.31.5
ГРАНД-РЕАЛ;г Москва, пер Сухаревский М., д 9 стр 1;7702376039;770201001;47.99
ГРАНД РЕАЛ;142704, Город Москва, Поселение Мосрентген, Деревня Мамыри, Территория Военный городок Теплый стан, ТОРГОВО-ЯРМАРОЧНЫЙ КОМПЛЕКС 41 КМ МКАД, ПАВИЛЬОН №19;5003066601;775101001;68.1
ГРАНД РЕАЛ;г Екатеринбург, ул Академика Губкина, д 78;6674184235;667901001;68.20.2
РЕАЛ-ГРАНД;г Иркутск, ул Грязнова, д 1, оф 312;3808137315;380801001;68.31
РЕАЛ-ГРАНД;г Москва, ул Нагорная, д 29 к 4 стр 1;7728624857;772701001;56.10
РЕАЛ ГРАНД;125319, ГОРОД МОСКВА, ПРОЕЗД КОПТЕВСКИЙ Б., ДОМ 12, КОРПУС 2, ПОМ/КОМН 3/1;7714331025;771401001;46.90
ГРАНД РЕАЛ;Иркутская обл, Слюдянский р-н, г Байкальск, мкр Гагарина, д 39, кв 31;3810072626;381001001;56.10
ГРАНД-РЕАЛ;Респ Крым, г Керчь, ул Ващенко, д 7, оф 1;9111022246;911101001;49.31.21
